2022/01/10 02:55:21 [notice] 1#1: using the "epoll" event method
2022/01/10 02:55:21 [notice] 1#1: nginx/1.21.3
2022/01/10 02:55:21 [notice] 1#1: built by gcc 8.3.0 (Debian 8.3.0-6) 
2022/01/10 02:55:21 [notice] 1#1: OS: Linux 5.4.0-90-generic
2022/01/10 02:55:21 [notice] 1#1: getrlimit(RLIMIT_NOFILE): 1048576:1048576
2022/01/10 02:55:21 [notice] 1#1: start worker processes
2022/01/10 02:55:21 [notice] 1#1: start worker process 21
2022/01/10 02:55:21 [notice] 1#1: start worker process 22
2022/01/10 02:55:21 [notice] 1#1: start worker process 23
2022/01/10 02:55:21 [notice] 1#1: start worker process 24
2022/01/10 02:55:40 [error] 21#21: *1 FastCGI sent in stderr: "PHP message: PHP Fatal error:  Uncaught Symfony\Component\Dotenv\Exception\PathException: Unable to read the "/var/www/html/app/.env" environment file. in /var/www/html/app/vendor/symfony/dotenv/Dotenv.php:567
Stack trace:
#0 /var/www/html/app/vendor/symfony/dotenv/Dotenv.php(114): Symfony\Component\Dotenv\Dotenv->doLoad()
#1 /var/www/html/app/vendor/symfony/dotenv/Dotenv.php(157): Symfony\Component\Dotenv\Dotenv->loadEnv()
#2 /var/www/html/app/vendor/symfony/runtime/SymfonyRuntime.php(107): Symfony\Component\Dotenv\Dotenv->bootEnv()
#3 /var/www/html/app/vendor/autoload_runtime.php(23): Symfony\Component\Runtime\SymfonyRuntime->__construct()
#4 /var/www/html/app/public/index.php(5): require_once('/var/www/html/a...')
#5 {main}
  thrown in /var/www/html/app/vendor/symfony/dotenv/Dotenv.php on line 567" while reading response header from upstream, client: 172.22.0.1, server: app.com.com, request: "GET / HTTP/1.1", upstream: "fastcgi://172.22.0.2:9000", host: "app.com.com:8083"
2022/01/10 02:55:56 [error] 21#21: *1 FastCGI sent in stderr: "PHP message: PHP Fatal error:  Uncaught Symfony\Component\Dotenv\Exception\PathException: Unable to read the "/var/www/html/app/.env" environment file. in /var/www/html/app/vendor/symfony/dotenv/Dotenv.php:567
Stack trace:
#0 /var/www/html/app/vendor/symfony/dotenv/Dotenv.php(114): Symfony\Component\Dotenv\Dotenv->doLoad()
#1 /var/www/html/app/vendor/symfony/dotenv/Dotenv.php(157): Symfony\Component\Dotenv\Dotenv->loadEnv()
#2 /var/www/html/app/vendor/symfony/runtime/SymfonyRuntime.php(107): Symfony\Component\Dotenv\Dotenv->bootEnv()
#3 /var/www/html/app/vendor/autoload_runtime.php(23): Symfony\Component\Runtime\SymfonyRuntime->__construct()
#4 /var/www/html/app/public/index.php(5): require_once('/var/www/html/a...')
#5 {main}
  thrown in /var/www/html/app/vendor/symfony/dotenv/Dotenv.php on line 567" while reading response header from upstream, client: 172.22.0.1, server: app.com.com, request: "GET /api/add/45/12 HTTP/1.1", upstream: "fastcgi://172.22.0.2:9000", host: "app.com.com:8083"
2022/01/10 02:56:45 [error] 21#21: *1 FastCGI sent in stderr: "PHP message: PHP Fatal error:  Uncaught Symfony\Component\Dotenv\Exception\PathException: Unable to read the "/var/www/html/app/.env" environment file. in /var/www/html/app/vendor/symfony/dotenv/Dotenv.php:567
Stack trace:
#0 /var/www/html/app/vendor/symfony/dotenv/Dotenv.php(114): Symfony\Component\Dotenv\Dotenv->doLoad()
#1 /var/www/html/app/vendor/symfony/dotenv/Dotenv.php(157): Symfony\Component\Dotenv\Dotenv->loadEnv()
#2 /var/www/html/app/vendor/symfony/runtime/SymfonyRuntime.php(107): Symfony\Component\Dotenv\Dotenv->bootEnv()
#3 /var/www/html/app/vendor/autoload_runtime.php(23): Symfony\Component\Runtime\SymfonyRuntime->__construct()
#4 /var/www/html/app/public/index.php(5): require_once('/var/www/html/a...')
#5 {main}
  thrown in /var/www/html/app/vendor/symfony/dotenv/Dotenv.php on line 567" while reading response header from upstream, client: 172.22.0.1, server: app.com.com, request: "GET /api/add/45/12 HTTP/1.1", upstream: "fastcgi://172.22.0.2:9000", host: "app.com.com:8083"
2022/01/10 02:56:55 [error] 21#21: *1 FastCGI sent in stderr: "PHP message: PHP Fatal error:  Uncaught Symfony\Component\Dotenv\Exception\PathException: Unable to read the "/var/www/html/app/.env" environment file. in /var/www/html/app/vendor/symfony/dotenv/Dotenv.php:567
Stack trace:
#0 /var/www/html/app/vendor/symfony/dotenv/Dotenv.php(114): Symfony\Component\Dotenv\Dotenv->doLoad()
#1 /var/www/html/app/vendor/symfony/dotenv/Dotenv.php(157): Symfony\Component\Dotenv\Dotenv->loadEnv()
#2 /var/www/html/app/vendor/symfony/runtime/SymfonyRuntime.php(107): Symfony\Component\Dotenv\Dotenv->bootEnv()
#3 /var/www/html/app/vendor/autoload_runtime.php(23): Symfony\Component\Runtime\SymfonyRuntime->__construct()
#4 /var/www/html/app/public/index.php(5): require_once('/var/www/html/a...')
#5 {main}
  thrown in /var/www/html/app/vendor/symfony/dotenv/Dotenv.php on line 567" while reading response header from upstream, client: 172.22.0.1, server: app.com.com, request: "GET /add/45/12 HTTP/1.1", upstream: "fastcgi://172.22.0.2:9000", host: "app.com.com:8083"
2022/01/10 02:56:58 [error] 21#21: *1 FastCGI sent in stderr: "PHP message: PHP Fatal error:  Uncaught Symfony\Component\Dotenv\Exception\PathException: Unable to read the "/var/www/html/app/.env" environment file. in /var/www/html/app/vendor/symfony/dotenv/Dotenv.php:567
Stack trace:
#0 /var/www/html/app/vendor/symfony/dotenv/Dotenv.php(114): Symfony\Component\Dotenv\Dotenv->doLoad()
#1 /var/www/html/app/vendor/symfony/dotenv/Dotenv.php(157): Symfony\Component\Dotenv\Dotenv->loadEnv()
#2 /var/www/html/app/vendor/symfony/runtime/SymfonyRuntime.php(107): Symfony\Component\Dotenv\Dotenv->bootEnv()
#3 /var/www/html/app/vendor/autoload_runtime.php(23): Symfony\Component\Runtime\SymfonyRuntime->__construct()
#4 /var/www/html/app/public/index.php(5): require_once('/var/www/html/a...')
#5 {main}
  thrown in /var/www/html/app/vendor/symfony/dotenv/Dotenv.php on line 567" while reading response header from upstream, client: 172.22.0.1, server: app.com.com, request: "GET / HTTP/1.1", upstream: "fastcgi://172.22.0.2:9000", host: "app.com.com:8083"
2022/01/10 02:59:46 [error] 21#21: *7 FastCGI sent in stderr: "PHP message: PHP Fatal error:  Uncaught Symfony\Component\Dotenv\Exception\PathException: Unable to read the "/var/www/html/app/.env" environment file. in /var/www/html/app/vendor/symfony/dotenv/Dotenv.php:567
Stack trace:
#0 /var/www/html/app/vendor/symfony/dotenv/Dotenv.php(114): Symfony\Component\Dotenv\Dotenv->doLoad()
#1 /var/www/html/app/vendor/symfony/dotenv/Dotenv.php(157): Symfony\Component\Dotenv\Dotenv->loadEnv()
#2 /var/www/html/app/vendor/symfony/runtime/SymfonyRuntime.php(107): Symfony\Component\Dotenv\Dotenv->bootEnv()
#3 /var/www/html/app/vendor/autoload_runtime.php(23): Symfony\Component\Runtime\SymfonyRuntime->__construct()
#4 /var/www/html/app/public/index.php(5): require_once('/var/www/html/a...')
#5 {main}
  thrown in /var/www/html/app/vendor/symfony/dotenv/Dotenv.php on line 567" while reading response header from upstream, client: 172.22.0.1, server: app.com.com, request: "GET / HTTP/1.1", upstream: "fastcgi://172.22.0.2:9000", host: "app.com.com:8083"
2022/01/10 03:01:20 [error] 21#21: *10 FastCGI sent in stderr: "PHP message: PHP Fatal error:  Uncaught Symfony\Component\Dotenv\Exception\PathException: Unable to read the "/var/www/html/app/.env" environment file. in /var/www/html/app/vendor/symfony/dotenv/Dotenv.php:567
Stack trace:
#0 /var/www/html/app/vendor/symfony/dotenv/Dotenv.php(114): Symfony\Component\Dotenv\Dotenv->doLoad()
#1 /var/www/html/app/vendor/symfony/dotenv/Dotenv.php(157): Symfony\Component\Dotenv\Dotenv->loadEnv()
#2 /var/www/html/app/vendor/symfony/runtime/SymfonyRuntime.php(107): Symfony\Component\Dotenv\Dotenv->bootEnv()
#3 /var/www/html/app/vendor/autoload_runtime.php(23): Symfony\Component\Runtime\SymfonyRuntime->__construct()
#4 /var/www/html/app/public/index.php(5): require_once('/var/www/html/a...')
#5 {main}
  thrown in /var/www/html/app/vendor/symfony/dotenv/Dotenv.php on line 567" while reading response header from upstream, client: 172.22.0.1, server: app.com.com, request: "GET /api/add/12/3 HTTP/1.1", upstream: "fastcgi://172.22.0.2:9000", host: "app.com.com:8083"
2022/01/10 03:05:35 [notice] 1#1: signal 3 (SIGQUIT) received, shutting down
2022/01/10 03:05:35 [notice] 21#21: gracefully shutting down
2022/01/10 03:05:35 [notice] 23#23: gracefully shutting down
2022/01/10 03:05:35 [notice] 22#22: gracefully shutting down
2022/01/10 03:05:35 [notice] 21#21: exiting
2022/01/10 03:05:35 [notice] 23#23: exiting
2022/01/10 03:05:35 [notice] 22#22: exiting
2022/01/10 03:05:35 [notice] 21#21: exit
2022/01/10 03:05:35 [notice] 23#23: exit
2022/01/10 03:05:35 [notice] 22#22: exit
2022/01/10 03:05:35 [notice] 24#24: gracefully shutting down
2022/01/10 03:05:35 [notice] 24#24: exiting
2022/01/10 03:05:35 [notice] 24#24: exit
2022/01/10 03:05:35 [notice] 1#1: signal 17 (SIGCHLD) received from 23
2022/01/10 03:05:35 [notice] 1#1: worker process 23 exited with code 0
2022/01/10 03:05:35 [notice] 1#1: signal 29 (SIGIO) received
2022/01/10 03:05:35 [notice] 1#1: signal 17 (SIGCHLD) received from 22
2022/01/10 03:05:35 [notice] 1#1: worker process 22 exited with code 0
2022/01/10 03:05:35 [notice] 1#1: signal 29 (SIGIO) received
2022/01/10 03:05:35 [notice] 1#1: signal 17 (SIGCHLD) received from 24
2022/01/10 03:05:35 [notice] 1#1: worker process 24 exited with code 0
2022/01/10 03:05:35 [notice] 1#1: signal 29 (SIGIO) received
2022/01/10 03:05:35 [notice] 1#1: signal 17 (SIGCHLD) received from 21
2022/01/10 03:05:35 [notice] 1#1: worker process 21 exited with code 0
2022/01/10 03:05:35 [notice] 1#1: exit
2022/01/10 03:06:14 [notice] 1#1: using the "epoll" event method
2022/01/10 03:06:14 [notice] 1#1: nginx/1.21.3
2022/01/10 03:06:14 [notice] 1#1: built by gcc 8.3.0 (Debian 8.3.0-6) 
2022/01/10 03:06:14 [notice] 1#1: OS: Linux 5.4.0-90-generic
2022/01/10 03:06:14 [notice] 1#1: getrlimit(RLIMIT_NOFILE): 1048576:1048576
2022/01/10 03:06:14 [notice] 1#1: start worker processes
2022/01/10 03:06:14 [notice] 1#1: start worker process 21
2022/01/10 03:06:14 [notice] 1#1: start worker process 22
2022/01/10 03:06:14 [notice] 1#1: start worker process 23
2022/01/10 03:06:14 [notice] 1#1: start worker process 24
2022/01/10 03:06:37 [error] 24#24: *1 FastCGI sent in stderr: "PHP message: PHP Fatal error:  Uncaught Symfony\Component\Dotenv\Exception\PathException: Unable to read the "/var/www/html/app/.env" environment file. in /var/www/html/app/vendor/symfony/dotenv/Dotenv.php:567
Stack trace:
#0 /var/www/html/app/vendor/symfony/dotenv/Dotenv.php(114): Symfony\Component\Dotenv\Dotenv->doLoad()
#1 /var/www/html/app/vendor/symfony/dotenv/Dotenv.php(157): Symfony\Component\Dotenv\Dotenv->loadEnv()
#2 /var/www/html/app/vendor/symfony/runtime/SymfonyRuntime.php(107): Symfony\Component\Dotenv\Dotenv->bootEnv()
#3 /var/www/html/app/vendor/autoload_runtime.php(23): Symfony\Component\Runtime\SymfonyRuntime->__construct()
#4 /var/www/html/app/public/index.php(5): require_once('/var/www/html/a...')
#5 {main}
  thrown in /var/www/html/app/vendor/symfony/dotenv/Dotenv.php on line 567" while reading response header from upstream, client: 172.22.0.1, server: app.com.com, request: "GET /api/add/12/3 HTTP/1.1", upstream: "fastcgi://172.22.0.3:9000", host: "app.com.com:8083"
2022/01/10 03:06:55 [error] 24#24: *3 FastCGI sent in stderr: "PHP message: PHP Fatal error:  Uncaught Symfony\Component\Dotenv\Exception\PathException: Unable to read the "/var/www/html/app/.env" environment file. in /var/www/html/app/vendor/symfony/dotenv/Dotenv.php:567
Stack trace:
#0 /var/www/html/app/vendor/symfony/dotenv/Dotenv.php(114): Symfony\Component\Dotenv\Dotenv->doLoad()
#1 /var/www/html/app/vendor/symfony/dotenv/Dotenv.php(157): Symfony\Component\Dotenv\Dotenv->loadEnv()
#2 /var/www/html/app/vendor/symfony/runtime/SymfonyRuntime.php(107): Symfony\Component\Dotenv\Dotenv->bootEnv()
#3 /var/www/html/app/vendor/autoload_runtime.php(23): Symfony\Component\Runtime\SymfonyRuntime->__construct()
#4 /var/www/html/app/public/index.php(5): require_once('/var/www/html/a...')
#5 {main}
  thrown in /var/www/html/app/vendor/symfony/dotenv/Dotenv.php on line 567" while reading response header from upstream, client: 172.22.0.1, server: app.com.com, request: "GET /api/add/12/3 HTTP/1.1", upstream: "fastcgi://172.22.0.3:9000", host: "app.com.com:8083"
2022/01/10 03:10:32 [notice] 1#1: signal 3 (SIGQUIT) received, shutting down
2022/01/10 03:10:32 [notice] 24#24: gracefully shutting down
2022/01/10 03:10:32 [notice] 21#21: gracefully shutting down
2022/01/10 03:10:32 [notice] 24#24: exiting
2022/01/10 03:10:32 [notice] 21#21: exiting
2022/01/10 03:10:32 [notice] 24#24: exit
2022/01/10 03:10:32 [notice] 21#21: exit
2022/01/10 03:10:32 [notice] 22#22: gracefully shutting down
2022/01/10 03:10:32 [notice] 22#22: exiting
2022/01/10 03:10:32 [notice] 22#22: exit
2022/01/10 03:10:32 [notice] 23#23: gracefully shutting down
2022/01/10 03:10:32 [notice] 23#23: exiting
2022/01/10 03:10:32 [notice] 23#23: exit
2022/01/10 03:10:32 [notice] 1#1: signal 17 (SIGCHLD) received from 23
2022/01/10 03:10:32 [notice] 1#1: worker process 21 exited with code 0
2022/01/10 03:10:32 [notice] 1#1: worker process 22 exited with code 0
2022/01/10 03:10:32 [notice] 1#1: worker process 23 exited with code 0
2022/01/10 03:10:32 [notice] 1#1: signal 29 (SIGIO) received
2022/01/10 03:10:32 [notice] 1#1: signal 17 (SIGCHLD) received from 24
2022/01/10 03:10:32 [notice] 1#1: worker process 24 exited with code 0
2022/01/10 03:10:32 [notice] 1#1: exit
2022/01/10 03:13:00 [notice] 1#1: using the "epoll" event method
2022/01/10 03:13:00 [notice] 1#1: nginx/1.21.3
2022/01/10 03:13:00 [notice] 1#1: built by gcc 8.3.0 (Debian 8.3.0-6) 
2022/01/10 03:13:00 [notice] 1#1: OS: Linux 5.4.0-90-generic
2022/01/10 03:13:00 [notice] 1#1: getrlimit(RLIMIT_NOFILE): 1048576:1048576
2022/01/10 03:13:00 [notice] 1#1: start worker processes
2022/01/10 03:13:00 [notice] 1#1: start worker process 21
2022/01/10 03:13:00 [notice] 1#1: start worker process 22
2022/01/10 03:13:00 [notice] 1#1: start worker process 23
2022/01/10 03:13:00 [notice] 1#1: start worker process 24
